<?xml version="1.0" encoding="utf-8"?><testsuites name="pytest tests"><testsuite name="pytest" errors="0" failures="0" skipped="0" tests="12" time="1.318" timestamp="2026-05-07T16:30:49.184711+00:00" hostname="agent-env-bbb6a3b3-bb50-4db2-80ee-a9be0cf5b16a"><testcase classname="backend.tests.test_cake_enquiry_api.TestHealth" name="test_root" time="0.172" /><testcase classname="backend.tests.test_cake_enquiry_api.TestCakeEnquiryCreate" name="test_create_minimal_required" time="0.095" /><testcase classname="backend.tests.test_cake_enquiry_api.TestCakeEnquiryCreate" name="test_create_full_payload" time="0.076" /><testcase classname="backend.tests.test_cake_enquiry_api.TestCakeEnquiryCreate" name="test_create_missing_required_fields_returns_422[name]" time="0.079" /><testcase classname="backend.tests.test_cake_enquiry_api.TestCakeEnquiryCreate" name="test_create_missing_required_fields_returns_422[phone]" time="0.073" /><testcase classname="backend.tests.test_cake_enquiry_api.TestCakeEnquiryCreate" name="test_create_missing_required_fields_returns_422[occasion]" time="0.073" /><testcase classname="backend.tests.test_cake_enquiry_api.TestCakeEnquiryCreate" name="test_create_missing_required_fields_returns_422[cake_type]" time="0.079" /><testcase classname="backend.tests.test_cake_enquiry_api.TestCakeEnquiryCreate" name="test_create_invalid_email_returns_422" time="0.079" /><testcase classname="backend.tests.test_cake_enquiry_api.TestCakeEnquiryList" name="test_list_without_admin_key_returns_401" time="0.078" /><testcase classname="backend.tests.test_cake_enquiry_api.TestCakeEnquiryList" name="test_list_with_wrong_admin_key_returns_401" time="0.073" /><testcase classname="backend.tests.test_cake_enquiry_api.TestCakeEnquiryList" name="test_list_with_correct_admin_key" time="0.080" /><testcase classname="backend.tests.test_cake_enquiry_api.TestCakeEnquiryList" name="test_create_then_list_persistence_and_sort" time="0.145" /></testsuite></testsuites>